Using pre-set license
Built from '2020.3/release' branch; Version is '2020.3.2f1 (8fd9074bf66c) revision 9427207'; Using compiler version '192528614'; Build Type 'Release'
OS: 'Windows 10 Home; OS build 19042.1165; Version 2009; 64bit' Language: 'ko' Physical Memory: 16255 MB
BatchMode: 1, IsHumanControllingUs: 0, StartBugReporterOnCrash: 0, Is64bit: 1, IsPro: 0

 COMMAND LINE ARGUMENTS:
D:\Unitys\2020.3.2f1\Editor\Unity.exe
-adb2
-batchMode
-noUpm
-name
AssetImportWorker1
-projectPath
C:/Users/520/Desktop/PixelLure-master
-logFile
Logs/AssetImportWorker1.log
-srvPort
3944
Successfully changed project path to: C:/Users/520/Desktop/PixelLure-master
C:/Users/520/Desktop/PixelLure-master
Using Asset Import Pipeline V2.
Refreshing native plugins compatible for Editor in 101.80 ms, found 1 plugins.
Preloading 0 native plugins for Editor in 0.00 ms.
Initialize engine version: 2020.3.2f1 (8fd9074bf66c)
[Subsystems] Discovering subsystems at path D:/Unitys/2020.3.2f1/Editor/Data/Resources/UnitySubsystems
[Subsystems] Discovering subsystems at path C:/Users/520/Desktop/PixelLure-master/Assets
GfxDevice: creating device client; threaded=0
Direct3D:
    Version:  Direct3D 11.0 [level 11.1]
    Renderer: NVIDIA GeForce GTX 1060 (ID=0x1c20)
    Vendor:   
    VRAM:     6052 MB
    Driver:   26.21.14.3153
Initialize mono
Mono path[0] = 'D:/Unitys/2020.3.2f1/Editor/Data/Managed'
Mono path[1] = 'D:/Unitys/2020.3.2f1/Editor/Data/MonoBleedingEdge/lib/mono/unityjit'
Mono config path = 'D:/Unitys/2020.3.2f1/Editor/Data/MonoBleedingEdge/etc'
Using monoOptions --debugger-agent=transport=dt_socket,embedding=1,server=y,suspend=n,address=127.0.0.1:56820
Begin MonoManager ReloadAssembly
Registering precompiled unity dll's ...
Register platform support module: D:/Unitys/2020.3.2f1/Editor/Data/PlaybackEngines/WindowsStandaloneSupport/UnityEditor.WindowsStandalone.Extensions.dll
Registered in 0.003036 seconds.
Native extension for WindowsStandalone target not found
Refreshing native plugins compatible for Editor in 69.18 ms, found 1 plugins.
Preloading 0 native plugins for Editor in 0.00 ms.
Invoked RoslynAnalysisRunner static constructor.
RoslynAnalysisRunner will not be running.
RoslynAnalysisRunner has terminated.
Mono: successfully reloaded assembly
- Completed reload, in  9.150 seconds
Platform modules already initialized, skipping
Registering precompiled user dll's ...
Registered in 0.006804 seconds.
Begin MonoManager ReloadAssembly
Native extension for WindowsStandalone target not found
Refreshing native plugins compatible for Editor in 80.62 ms, found 1 plugins.
Preloading 0 native plugins for Editor in 0.00 ms.
Invoked RoslynAnalysisRunner static constructor.
RoslynAnalysisRunner will not be running.
RoslynAnalysisRunner has terminated.
Mono: successfully reloaded assembly
- Completed reload, in  1.931 seconds
Platform modules already initialized, skipping
========================================================================
Worker process is ready to serve import requests
Launched and connected shader compiler UnityShaderCompiler.exe after 0.27 seconds
Refreshing native plugins compatible for Editor in 0.64 ms, found 1 plugins.
Preloading 0 native plugins for Editor in 0.00 ms.
Unloading 2000 Unused Serialized files (Serialized files now loaded: 0)
System memory in use before: 100.0 MB.
System memory in use after: 100.1 MB.

Unloading 18 unused Assets to reduce memory usage. Loaded Objects now: 2451.
Total: 3.665700 ms (FindLiveObjects: 0.333000 ms CreateObjectMapping: 0.376800 ms MarkObjects: 2.917400 ms  DeleteObjects: 0.037200 ms)

========================================================================
Received Import Request.
  path: Assets/#Script/TestScript_Del/RandomTest.cs
  artifactKey: Guid(912e90e3ccd932249af8a137c4a623eb) Importer(815301076,1909f56bfc062723c751e8b465ee728b)
Start importing Assets/#Script/TestScript_Del/RandomTest.cs using Guid(912e90e3ccd932249af8a137c4a623eb) Importer(815301076,1909f56bfc062723c751e8b465ee728b)  -> (artifact id: '9126724aa390b62dac89d39e97d21f41') in 0.483323 seconds
  Import took 0.497091 seconds .

========================================================================
Received Import Request.
  Time since last request: 164.250573 seconds.
  path: Assets/#Script/TestScript_Del/RandomTest.cs
  artifactKey: Guid(912e90e3ccd932249af8a137c4a623eb) Importer(815301076,1909f56bfc062723c751e8b465ee728b)
Start importing Assets/#Script/TestScript_Del/RandomTest.cs using Guid(912e90e3ccd932249af8a137c4a623eb) Importer(815301076,1909f56bfc062723c751e8b465ee728b)  -> (artifact id: 'e76d07f8143027f5fbc0fe12d87c22d1') in 0.011616 seconds
  Import took 0.022652 seconds .

========================================================================
Received Prepare
Registering precompiled user dll's ...
Registered in 0.007004 seconds.
Begin MonoManager ReloadAssembly
Native extension for WindowsStandalone target not found
Refreshing native plugins compatible for Editor in 0.83 ms, found 1 plugins.
Preloading 0 native plugins for Editor in 0.00 ms.
Invoked RoslynAnalysisRunner static constructor.
RoslynAnalysisRunner will not be running.
RoslynAnalysisRunner has terminated.
Mono: successfully reloaded assembly
- Completed reload, in  2.039 seconds
Platform modules already initialized, skipping
Refreshing native plugins compatible for Editor in 3.27 ms, found 1 plugins.
Preloading 0 native plugins for Editor in 0.00 ms.
Unloading 1950 Unused Serialized files (Serialized files now loaded: 0)
System memory in use before: 95.6 MB.
System memory in use after: 95.7 MB.

Unloading 7 unused Assets to reduce memory usage. Loaded Objects now: 2455.
Total: 29.470000 ms (FindLiveObjects: 3.786200 ms CreateObjectMapping: 0.147300 ms MarkObjects: 25.499400 ms  DeleteObjects: 0.031900 ms)

========================================================================
Received Import Request.
  Time since last request: 23.579905 seconds.
  path: Assets/#Script/TestScript_Del/RandomTest.cs
  artifactKey: Guid(912e90e3ccd932249af8a137c4a623eb) Importer(815301076,1909f56bfc062723c751e8b465ee728b)
Start importing Assets/#Script/TestScript_Del/RandomTest.cs using Guid(912e90e3ccd932249af8a137c4a623eb) Importer(815301076,1909f56bfc062723c751e8b465ee728b)  -> (artifact id: '7731167c5033bffffbeefb83246ccb4b') in 0.044143 seconds
  Import took 0.052077 seconds .

========================================================================
Received Import Request.
  Time since last request: 0.145406 seconds.
  path: Assets/#Script/TestScript_Del/RandomTest.cs
  artifactKey: Guid(912e90e3ccd932249af8a137c4a623eb) Importer(815301076,1909f56bfc062723c751e8b465ee728b)
Start importing Assets/#Script/TestScript_Del/RandomTest.cs using Guid(912e90e3ccd932249af8a137c4a623eb) Importer(815301076,1909f56bfc062723c751e8b465ee728b)  -> (artifact id: '7731167c5033bffffbeefb83246ccb4b') in 0.079886 seconds
  Import took 0.289956 seconds .

========================================================================
Received Prepare
Registering precompiled user dll's ...
Registered in 0.003151 seconds.
Begin MonoManager ReloadAssembly
Native extension for WindowsStandalone target not found
Refreshing native plugins compatible for Editor in 0.85 ms, found 1 plugins.
Preloading 0 native plugins for Editor in 0.00 ms.
Invoked RoslynAnalysisRunner static constructor.
RoslynAnalysisRunner will not be running.
RoslynAnalysisRunner has terminated.
Mono: successfully reloaded assembly
- Completed reload, in  2.382 seconds
Platform modules already initialized, skipping
Refreshing native plugins compatible for Editor in 0.61 ms, found 1 plugins.
Preloading 0 native plugins for Editor in 0.00 ms.
Unloading 1950 Unused Serialized files (Serialized files now loaded: 0)
System memory in use before: 95.6 MB.
System memory in use after: 95.7 MB.

Unloading 7 unused Assets to reduce memory usage. Loaded Objects now: 2459.
Total: 5.157700 ms (FindLiveObjects: 0.369700 ms CreateObjectMapping: 0.965000 ms MarkObjects: 3.798200 ms  DeleteObjects: 0.022700 ms)

========================================================================
Received Import Request.
  Time since last request: 23.133538 seconds.
  path: Assets/#Script/TestScript_Del/RandomTest.cs
  artifactKey: Guid(912e90e3ccd932249af8a137c4a623eb) Importer(815301076,1909f56bfc062723c751e8b465ee728b)
Start importing Assets/#Script/TestScript_Del/RandomTest.cs using Guid(912e90e3ccd932249af8a137c4a623eb) Importer(815301076,1909f56bfc062723c751e8b465ee728b)  -> (artifact id: 'cc2fdddd692ba02566c3d4ef8a160ca2') in 0.090533 seconds
  Import took 0.124979 seconds .

========================================================================
Received Import Request.
  Time since last request: 0.156484 seconds.
  path: Assets/#Script/TestScript_Del/RandomTest.cs
  artifactKey: Guid(912e90e3ccd932249af8a137c4a623eb) Importer(815301076,1909f56bfc062723c751e8b465ee728b)
Start importing Assets/#Script/TestScript_Del/RandomTest.cs using Guid(912e90e3ccd932249af8a137c4a623eb) Importer(815301076,1909f56bfc062723c751e8b465ee728b)  -> (artifact id: 'cc2fdddd692ba02566c3d4ef8a160ca2') in 0.807959 seconds
  Import took 1.010556 seconds .

========================================================================
Received Import Request.
  Time since last request: 0.417520 seconds.
  path: Assets/#Script/TestScript_Del/RandomTest.cs
  artifactKey: Guid(912e90e3ccd932249af8a137c4a623eb) Importer(815301076,1909f56bfc062723c751e8b465ee728b)
Start importing Assets/#Script/TestScript_Del/RandomTest.cs using Guid(912e90e3ccd932249af8a137c4a623eb) Importer(815301076,1909f56bfc062723c751e8b465ee728b)  -> (artifact id: '2f2e93013a73bd7fefff04d1273ea018') in 0.025524 seconds
  Import took 0.035731 seconds .

========================================================================
Received Prepare
Registering precompiled user dll's ...
Registered in 0.007751 seconds.
Begin MonoManager ReloadAssembly
Native extension for WindowsStandalone target not found
Refreshing native plugins compatible for Editor in 4.41 ms, found 1 plugins.
Preloading 0 native plugins for Editor in 0.00 ms.
Invoked RoslynAnalysisRunner static constructor.
RoslynAnalysisRunner will not be running.
RoslynAnalysisRunner has terminated.
Mono: successfully reloaded assembly
- Completed reload, in  1.849 seconds
Platform modules already initialized, skipping
Refreshing native plugins compatible for Editor in 1.20 ms, found 1 plugins.
Preloading 0 native plugins for Editor in 0.00 ms.
Unloading 1950 Unused Serialized files (Serialized files now loaded: 0)
System memory in use before: 95.6 MB.
System memory in use after: 95.7 MB.

Unloading 7 unused Assets to reduce memory usage. Loaded Objects now: 2463.
Total: 7.155400 ms (FindLiveObjects: 3.343800 ms CreateObjectMapping: 0.331200 ms MarkObjects: 3.440800 ms  DeleteObjects: 0.032600 ms)

========================================================================
Received Import Request.
  Time since last request: 47.108628 seconds.
  path: Assets/#Script/CardBoss
  artifactKey: Guid(c3b5f9081d82f084fa000d9cffda942d) Importer(815301076,1909f56bfc062723c751e8b465ee728b)
Start importing Assets/#Script/CardBoss using Guid(c3b5f9081d82f084fa000d9cffda942d) Importer(815301076,1909f56bfc062723c751e8b465ee728b)  -> (artifact id: '376399eb13cc5fddfe47c4051397532b') in 0.016939 seconds
  Import took 0.045497 seconds .

========================================================================
Received Import Request.
  Time since last request: 3.298732 seconds.
  path: Assets/#Script/CardBoss/CardKingCardPattern.cs
  artifactKey: Guid(7f54e30a0abdd7a42b703b4ef55cd982) Importer(815301076,1909f56bfc062723c751e8b465ee728b)
Start importing Assets/#Script/CardBoss/CardKingCardPattern.cs using Guid(7f54e30a0abdd7a42b703b4ef55cd982) Importer(815301076,1909f56bfc062723c751e8b465ee728b)  -> (artifact id: 'a1d75131b6b8d6f46fec4249f511b643') in 0.011034 seconds
  Import took 0.018941 seconds .

========================================================================
Received Import Request.
  Time since last request: 0.007382 seconds.
  path: Assets/#Script/CardBoss/CardKingCardPattern.cs
  artifactKey: Guid(7f54e30a0abdd7a42b703b4ef55cd982) Importer(815301076,1909f56bfc062723c751e8b465ee728b)
Start importing Assets/#Script/CardBoss/CardKingCardPattern.cs using Guid(7f54e30a0abdd7a42b703b4ef55cd982) Importer(815301076,1909f56bfc062723c751e8b465ee728b)  -> (artifact id: 'a1d75131b6b8d6f46fec4249f511b643') in 0.039873 seconds
  Import took 0.047297 seconds .

========================================================================
Received Prepare
Registering precompiled user dll's ...
Registered in 0.003359 seconds.
Begin MonoManager ReloadAssembly
Native extension for WindowsStandalone target not found
Refreshing native plugins compatible for Editor in 0.47 ms, found 1 plugins.
Preloading 0 native plugins for Editor in 0.00 ms.
Invoked RoslynAnalysisRunner static constructor.
RoslynAnalysisRunner will not be running.
RoslynAnalysisRunner has terminated.
Mono: successfully reloaded assembly
- Completed reload, in  1.781 seconds
Platform modules already initialized, skipping
Refreshing native plugins compatible for Editor in 0.52 ms, found 1 plugins.
Preloading 0 native plugins for Editor in 0.00 ms.
Unloading 1950 Unused Serialized files (Serialized files now loaded: 0)
System memory in use before: 95.6 MB.
System memory in use after: 95.8 MB.

Unloading 7 unused Assets to reduce memory usage. Loaded Objects now: 2467.
Total: 7.240400 ms (FindLiveObjects: 0.464800 ms CreateObjectMapping: 0.283200 ms MarkObjects: 6.460700 ms  DeleteObjects: 0.029400 ms)

========================================================================
Received Import Request.
  Time since last request: 66.658972 seconds.
  path: Assets/#Scene/Stage3.unity
  artifactKey: Guid(283163b8d42b60c4a9b791e2c9c8abd1) Importer(815301076,1909f56bfc062723c751e8b465ee728b)
Start importing Assets/#Scene/Stage3.unity using Guid(283163b8d42b60c4a9b791e2c9c8abd1) Importer(815301076,1909f56bfc062723c751e8b465ee728b)  -> (artifact id: 'a412d1401b4688925343223dd6c3e769') in 0.301265 seconds
  Import took 0.307766 seconds .

========================================================================
Received Import Request.
  Time since last request: 2.409876 seconds.
  path: Assets/#Scene/Test.unity
  artifactKey: Guid(0a26afa5b2d8e154ea598da9477507e6) Importer(815301076,1909f56bfc062723c751e8b465ee728b)
Start importing Assets/#Scene/Test.unity using Guid(0a26afa5b2d8e154ea598da9477507e6) Importer(815301076,1909f56bfc062723c751e8b465ee728b)  -> (artifact id: '86cfc46a2a765675e567534866719b5e') in 0.056153 seconds
  Import took 0.066169 seconds .

========================================================================
Received Prepare
Registering precompiled user dll's ...
Registered in 0.005426 seconds.
Begin MonoManager ReloadAssembly
Native extension for WindowsStandalone target not found
Refreshing native plugins compatible for Editor in 2.19 ms, found 1 plugins.
Preloading 0 native plugins for Editor in 0.00 ms.
Invoked RoslynAnalysisRunner static constructor.
RoslynAnalysisRunner will not be running.
RoslynAnalysisRunner has terminated.
Mono: successfully reloaded assembly
- Completed reload, in  1.902 seconds
Platform modules already initialized, skipping
Refreshing native plugins compatible for Editor in 0.52 ms, found 1 plugins.
Preloading 0 native plugins for Editor in 0.00 ms.
Unloading 1950 Unused Serialized files (Serialized files now loaded: 0)
System memory in use before: 95.7 MB.
System memory in use after: 95.8 MB.

Unloading 7 unused Assets to reduce memory usage. Loaded Objects now: 2471.
Total: 5.757600 ms (FindLiveObjects: 0.707200 ms CreateObjectMapping: 0.446300 ms MarkObjects: 4.575600 ms  DeleteObjects: 0.024500 ms)

========================================================================
Received Prepare
Registering precompiled user dll's ...
Registered in 0.002455 seconds.
Begin MonoManager ReloadAssembly
Native extension for WindowsStandalone target not found
Refreshing native plugins compatible for Editor in 0.54 ms, found 1 plugins.
Preloading 0 native plugins for Editor in 0.00 ms.
Invoked RoslynAnalysisRunner static constructor.
RoslynAnalysisRunner will not be running.
RoslynAnalysisRunner has terminated.
Mono: successfully reloaded assembly
- Completed reload, in  1.583 seconds
Platform modules already initialized, skipping
Refreshing native plugins compatible for Editor in 0.75 ms, found 1 plugins.
Preloading 0 native plugins for Editor in 0.00 ms.
Unloading 1950 Unused Serialized files (Serialized files now loaded: 0)
System memory in use before: 95.7 MB.
System memory in use after: 95.8 MB.

Unloading 7 unused Assets to reduce memory usage. Loaded Objects now: 2475.
Total: 4.247400 ms (FindLiveObjects: 0.560600 ms CreateObjectMapping: 0.226900 ms MarkObjects: 3.434600 ms  DeleteObjects: 0.023900 ms)

========================================================================
Received Prepare
Registering precompiled user dll's ...
Registered in 0.002314 seconds.
Begin MonoManager ReloadAssembly
Native extension for WindowsStandalone target not found
Refreshing native plugins compatible for Editor in 0.49 ms, found 1 plugins.
Preloading 0 native plugins for Editor in 0.00 ms.
Invoked RoslynAnalysisRunner static constructor.
RoslynAnalysisRunner will not be running.
RoslynAnalysisRunner has terminated.
Mono: successfully reloaded assembly
- Completed reload, in  1.743 seconds
Platform modules already initialized, skipping
Refreshing native plugins compatible for Editor in 0.52 ms, found 1 plugins.
Preloading 0 native plugins for Editor in 0.00 ms.
Unloading 1950 Unused Serialized files (Serialized files now loaded: 0)
System memory in use before: 95.7 MB.
System memory in use after: 95.8 MB.

Unloading 7 unused Assets to reduce memory usage. Loaded Objects now: 2479.
Total: 6.831700 ms (FindLiveObjects: 0.936900 ms CreateObjectMapping: 0.421100 ms MarkObjects: 5.421800 ms  DeleteObjects: 0.047800 ms)

========================================================================
Received Import Request.
  Time since last request: 1215.375805 seconds.
  path: Assets/#Scene/Stage1.unity
  artifactKey: Guid(16161a3431673a54489a2b84ba60fae3) Importer(815301076,1909f56bfc062723c751e8b465ee728b)
Start importing Assets/#Scene/Stage1.unity using Guid(16161a3431673a54489a2b84ba60fae3) Importer(815301076,1909f56bfc062723c751e8b465ee728b)  -> (artifact id: '5d9e28a6a4ad5cb5001f1bc19eb9c5e1') in 0.040715 seconds
  Import took 0.074772 seconds .

========================================================================
Received Prepare
Registering precompiled user dll's ...
Registered in 0.002977 seconds.
Begin MonoManager ReloadAssembly
Native extension for WindowsStandalone target not found
Refreshing native plugins compatible for Editor in 0.64 ms, found 1 plugins.
Preloading 0 native plugins for Editor in 0.00 ms.
Invoked RoslynAnalysisRunner static constructor.
RoslynAnalysisRunner will not be running.
RoslynAnalysisRunner has terminated.
Mono: successfully reloaded assembly
- Completed reload, in  1.810 seconds
Platform modules already initialized, skipping
Refreshing native plugins compatible for Editor in 0.74 ms, found 1 plugins.
Preloading 0 native plugins for Editor in 0.00 ms.
Unloading 1950 Unused Serialized files (Serialized files now loaded: 0)
System memory in use before: 95.7 MB.
System memory in use after: 95.8 MB.

Unloading 7 unused Assets to reduce memory usage. Loaded Objects now: 2483.
Total: 2.895200 ms (FindLiveObjects: 0.227500 ms CreateObjectMapping: 0.094500 ms MarkObjects: 2.525100 ms  DeleteObjects: 0.044800 ms)

========================================================================
Received Prepare
Registering precompiled user dll's ...
Registered in 0.002389 seconds.
Begin MonoManager ReloadAssembly
Native extension for WindowsStandalone target not found
Refreshing native plugins compatible for Editor in 0.62 ms, found 1 plugins.
Preloading 0 native plugins for Editor in 0.00 ms.
Invoked RoslynAnalysisRunner static constructor.
RoslynAnalysisRunner will not be running.
RoslynAnalysisRunner has terminated.
Mono: successfully reloaded assembly
- Completed reload, in  1.484 seconds
Platform modules already initialized, skipping
Refreshing native plugins compatible for Editor in 0.74 ms, found 1 plugins.
Preloading 0 native plugins for Editor in 0.00 ms.
Unloading 1950 Unused Serialized files (Serialized files now loaded: 0)
System memory in use before: 95.7 MB.
System memory in use after: 95.8 MB.

Unloading 7 unused Assets to reduce memory usage. Loaded Objects now: 2487.
Total: 3.329700 ms (FindLiveObjects: 0.444500 ms CreateObjectMapping: 0.207700 ms MarkObjects: 2.645300 ms  DeleteObjects: 0.029800 ms)

AssetImportWorkerClient::OnTransportError - code=2 error=End of file
